[21:57:45] [Datafixer Bootstrap/INFO]: 188 Datafixer optimizations took 180 milliseconds
[21:57:46] [Render thread/INFO]: [STDERR]: [LWJGL] [ThreadLocalUtil] Unsupported JNI version detected, this may result in a crash. Please inform LWJGL developers.
[21:57:47] [Render thread/INFO]: Environment: authHost='https://authserver.mojang.com', accountsHost='https://api.mojang.com', sessionHost='https://sessionserver.mojang.com', servicesHost='https://api.minecraftservices.com', name='PROD'
[21:57:48] [Render thread/ERROR]: Failed to verify authentication
com.mojang.authlib.exceptions.InvalidCredentialsException: Status: 401
	at com.mojang.authlib.exceptions.MinecraftClientHttpException.toAuthenticationException(MinecraftClientHttpException.java:56) ~[authlib-4.0.43.jar:?]
	at com.mojang.authlib.yggdrasil.YggdrasilUserApiService.fetchProperties(YggdrasilUserApiService.java:156) ~[authlib-4.0.43.jar:?]
	at com.mojang.authlib.yggdrasil.YggdrasilUserApiService.<init>(YggdrasilUserApiService.java:55) ~[authlib-4.0.43.jar:?]
	at com.mojang.authlib.yggdrasil.YggdrasilAuthenticationService.createUserApiService(YggdrasilAuthenticationService.java:124) ~[authlib-4.0.43.jar:?]
	at enn.a(SourceFile:733) ~[1.20.1.jar:?]
	at enn.<init>(SourceFile:442) ~[1.20.1.jar:?]
	at net.minecraft.client.main.Main.main(SourceFile:211) ~[1.20.1.jar:?]
Caused by: com.mojang.authlib.exceptions.MinecraftClientHttpException: Status: 401
	at com.mojang.authlib.minecraft.client.MinecraftClient.readInputStream(MinecraftClient.java:85) ~[authlib-4.0.43.jar:?]
	at com.mojang.authlib.minecraft.client.MinecraftClient.get(MinecraftClient.java:48) ~[authlib-4.0.43.jar:?]
	at com.mojang.authlib.yggdrasil.YggdrasilUserApiService.fetchProperties(YggdrasilUserApiService.java:129) ~[authlib-4.0.43.jar:?]
	... 5 more
[21:57:48] [Render thread/INFO]: Setting user: hacker1337
[21:57:48] [Render thread/INFO]: Backend library: LWJGL version 3.3.1 build 7
[21:57:49] [Worker-Main-3/ERROR]: Failed to retrieve profile key pair
java.io.IOException: Could not retrieve profile key pair
	at fes.a(SourceFile:139) ~[1.20.1.jar:?]
	at fes.b(SourceFile:79) ~[1.20.1.jar:?]
	at java.util.concurrent.CompletableFuture$AsyncSupply.run(CompletableFuture.java:1768) ~[?:?]
	at java.util.concurrent.CompletableFuture$AsyncSupply.exec(CompletableFuture.java:1760) ~[?:?]
	at java.util.concurrent.ForkJoinTask.doExec(ForkJoinTask.java:387) ~[?:?]
	at java.util.concurrent.ForkJoinPool$WorkQueue.topLevelExec(ForkJoinPool.java:1312) ~[?:?]
	at java.util.concurrent.ForkJoinPool.scan(ForkJoinPool.java:1843) ~[?:?]
	at java.util.concurrent.ForkJoinPool.runWorker(ForkJoinPool.java:1808) ~[?:?]
	at java.util.concurrent.ForkJoinWorkerThread.run(ForkJoinWorkerThread.java:188) ~[?:?]
[21:57:49] [Render thread/INFO]: Reloading ResourceManager: vanilla
[21:57:49] [Worker-Main-8/INFO]: Found unifont_all_no_pua-15.0.06.hex, loading
[21:57:50] [Realms Notification Availability checker #1/INFO]: Could not authorize you against Realms server: java.lang.RuntimeException: Failed to parse into SignedJWT: 22b944bbaca547ddab5d33c0a1be3a3f
[21:57:50] [Render thread/WARN]: Missing sound for event: minecraft:item.goat_horn.play
[21:57:50] [Render thread/WARN]: Missing sound for event: minecraft:entity.goat.screaming.horn_break
[21:57:51] [Render thread/INFO]: OpenAL initialized on device OpenAL Soft on 栨汒ん (Senary Audio)
[21:57:51] [Render thread/INFO]: Sound engine started
[21:57:51] [Render thread/INFO]: Created: 1024x512x4 minecraft:textures/atlas/blocks.png-atlas
[21:57:51] [Render thread/INFO]: Created: 256x256x4 minecraft:textures/atlas/signs.png-atlas
[21:57:51] [Render thread/INFO]: Created: 512x512x4 minecraft:textures/atlas/banner_patterns.png-atlas
[21:57:51] [Render thread/INFO]: Created: 512x512x4 minecraft:textures/atlas/shield_patterns.png-atlas
[21:57:51] [Render thread/INFO]: Created: 1024x1024x4 minecraft:textures/atlas/armor_trims.png-atlas
[21:57:51] [Render thread/INFO]: Created: 128x64x4 minecraft:textures/atlas/decorated_pot.png-atlas
[21:57:51] [Render thread/INFO]: Created: 256x256x4 minecraft:textures/atlas/chest.png-atlas
[21:57:51] [Render thread/INFO]: Created: 512x256x4 minecraft:textures/atlas/beds.png-atlas
[21:57:51] [Render thread/INFO]: Created: 512x256x4 minecraft:textures/atlas/shulker_boxes.png-atlas
[21:57:51] [Render thread/WARN]: Shader rendertype_entity_translucent_emissive could not find sampler named Sampler2 in the specified shader program.
[21:57:51] [Render thread/INFO]: Created: 256x256x0 minecraft:textures/atlas/particles.png-atlas
[21:57:51] [Render thread/INFO]: Created: 256x256x0 minecraft:textures/atlas/paintings.png-atlas
[21:57:51] [Render thread/INFO]: Created: 128x128x0 minecraft:textures/atlas/mob_effects.png-atlas
[21:57:58] [Render thread/INFO]: Loaded 7 recipes
[21:57:58] [Render thread/INFO]: Loaded 1271 advancements
[21:58:03] [MCO Compatability Checker #1/INFO]: Could not authorize you against Realms server: java.lang.RuntimeException: Failed to parse into SignedJWT: 22b944bbaca547ddab5d33c0a1be3a3f
[21:58:03] [MCO Compatability Checker #1/ERROR]: Couldn't connect to realms
ekm: Realms service error (401) java.lang.RuntimeException: Failed to parse into SignedJWT: 22b944bbaca547ddab5d33c0a1be3a3f
	at eiz.a(SourceFile:465) ~[1.20.1.jar:?]
	at eiz.j(SourceFile:245) ~[1.20.1.jar:?]
	at eiu$1.run(SourceFile:633) ~[1.20.1.jar:?]
[21:58:10] [Render thread/INFO]: Loaded 7 recipes
[21:58:10] [Render thread/INFO]: Loaded 1271 advancements
[21:58:41] [Render thread/INFO]: Loaded 7 recipes
[21:58:41] [Render thread/INFO]: Loaded 1271 advancements
[21:59:03] [Render thread/INFO]: Stopping!
